Using pre-set license
Built from '2020.3/china_unity/release' branch; Version is '2020.3.26f1c1 (cf0e0a163043) revision 13569546'; Using compiler version '192528614'; Build Type 'Release'
OS: 'Windows 10  (10.0.19042) 64bit Core' Language: 'en' Physical Memory: 15970 MB
BatchMode: 1, IsHumanControllingUs: 0, StartBugReporterOnCrash: 0, Is64bit: 1, IsPro: 0

COMMAND LINE ARGUMENTS:
C:\Program Files\Unity 2020.3.26f1c1\Editor\Unity.exe
-adb2
-batchMode
-noUpm
-name
AssetImportWorker0
-projectPath
C:/Users/csviv/Desktop/unity/AddressableLearning
-logFile
Logs/AssetImportWorker0.log
-srvPort
52852
Successfully changed project path to: C:/Users/csviv/Desktop/unity/AddressableLearning
C:/Users/csviv/Desktop/unity/AddressableLearning
Using Asset Import Pipeline V2.
AS: AutoStreaming module initializing.Refreshing native plugins compatible for Editor in 87.21 ms, found 3 plugins.
Preloading 0 native plugins for Editor in 0.00 ms.
Initialize engine version: 2020.3.26f1c1 (cf0e0a163043)
[Subsystems] Discovering subsystems at path C:/Program Files/Unity 2020.3.26f1c1/Editor/Data/Resources/UnitySubsystems
[Subsystems] Discovering subsystems at path C:/Users/csviv/Desktop/unity/AddressableLearning/Assets
GfxDevice: creating device client; threaded=0
Direct3D:
    Version:  Direct3D 11.0 [level 11.1]
    Renderer: Intel(R) Iris(R) Plus Graphics (ID=0x8a52)
    Vendor:   
    VRAM:     7985 MB
    Driver:   27.20.100.9621
Initialize mono
Mono path[0] = 'C:/Program Files/Unity 2020.3.26f1c1/Editor/Data/Managed'
Mono path[1] = 'C:/Program Files/Unity 2020.3.26f1c1/Editor/Data/MonoBleedingEdge/lib/mono/unityjit'
Mono config path = 'C:/Program Files/Unity 2020.3.26f1c1/Editor/Data/MonoBleedingEdge/etc'
Using monoOptions --debugger-agent=transport=dt_socket,embedding=1,server=y,suspend=n,address=127.0.0.1:56728
Begin MonoManager ReloadAssembly
Registering precompiled unity dll's ...
Register platform support module: C:/Program Files/Unity 2020.3.26f1c1/Editor/Data/PlaybackEngines/WindowsStandaloneSupport/UnityEditor.WindowsStandalone.Extensions.dll
Registered in 0.009800 seconds.
Native extension for WindowsStandalone target not found
Refreshing native plugins compatible for Editor in 70.33 ms, found 3 plugins.
Preloading 0 native plugins for Editor in 0.00 ms.
Mono: successfully reloaded assembly
- Completed reload, in  1.078 seconds
Domain Reload Profiling:
	ReloadAssembly (1078ms)
		BeginReloadAssembly (130ms)
			ExecutionOrderSort (0ms)
			DisableScriptedObjects (0ms)
			BackupInstance (0ms)
			ReleaseScriptingObjects (0ms)
			CreateAndSetChildDomain (2ms)
		EndReloadAssembly (742ms)
			LoadAssemblies (124ms)
			RebuildTransferFunctionScriptingTraits (0ms)
			SetupTypeCache (259ms)
			ReleaseScriptCaches (0ms)
			RebuildScriptCaches (50ms)
			SetupLoadedEditorAssemblies (266ms)
				LogAssemblyErrors (0ms)
				InitializePlatformSupportModulesInManaged (8ms)
				SetLoadedEditorAssemblies (0ms)
				RefreshPlugins (70ms)
				BeforeProcessingInitializeOnLoad (29ms)
				ProcessInitializeOnLoadAttributes (112ms)
				ProcessInitializeOnLoadMethodAttributes (46ms)
				AfterProcessingInitializeOnLoad (0ms)
				EditorAssembliesLoaded (0ms)
			ExecutionOrderSort2 (0ms)
			AwakeInstancesAfterBackupRestoration (0ms)
Platform modules already initialized, skipping
Registering precompiled user dll's ...
Registered in 0.015587 seconds.
Begin MonoManager ReloadAssembly
Native extension for WindowsStandalone target not found
Refreshing native plugins compatible for Editor in 134.10 ms, found 3 plugins.
Preloading 0 native plugins for Editor in 0.00 ms.
Mono: successfully reloaded assembly
- Completed reload, in  3.453 seconds
Domain Reload Profiling:
	ReloadAssembly (3460ms)
		BeginReloadAssembly (349ms)
			ExecutionOrderSort (0ms)
			DisableScriptedObjects (14ms)
			BackupInstance (0ms)
			ReleaseScriptingObjects (0ms)
			CreateAndSetChildDomain (51ms)
		EndReloadAssembly (2890ms)
			LoadAssemblies (273ms)
			RebuildTransferFunctionScriptingTraits (0ms)
			SetupTypeCache (844ms)
			ReleaseScriptCaches (1ms)
			RebuildScriptCaches (152ms)
			SetupLoadedEditorAssemblies (1272ms)
				LogAssemblyErrors (0ms)
				InitializePlatformSupportModulesInManaged (8ms)
				SetLoadedEditorAssemblies (0ms)
				RefreshPlugins (134ms)
				BeforeProcessingInitializeOnLoad (279ms)
				ProcessInitializeOnLoadAttributes (630ms)
				ProcessInitializeOnLoadMethodAttributes (204ms)
				AfterProcessingInitializeOnLoad (16ms)
				EditorAssembliesLoaded (1ms)
			ExecutionOrderSort2 (0ms)
			AwakeInstancesAfterBackupRestoration (25ms)
Platform modules already initialized, skipping
========================================================================
Worker process is ready to serve import requests
Launched and connected shader compiler UnityShaderCompiler.exe after 0.07 seconds
Refreshing native plugins compatible for Editor in 1.12 ms, found 3 plugins.
Preloading 0 native plugins for Editor in 0.00 ms.
Unloading 2648 Unused Serialized files (Serialized files now loaded: 0)
System memory in use before: 110.7 MB.
System memory in use after: 110.9 MB.

Unloading 28 unused Assets to reduce memory usage. Loaded Objects now: 3084.
Total: 4.208000 ms (FindLiveObjects: 0.324500 ms CreateObjectMapping: 0.101600 ms MarkObjects: 3.690200 ms  DeleteObjects: 0.089200 ms)

AssetImportParameters requested are different than current active one (requested -> active):
  custom:framework-win-MediaFoundation: 216162199b28c13a410421893ffa2e32 -> 
  custom:video-decoder-ogg-theora: a1e56fd34408186e4bbccfd4996cb3dc -> 
  custom:container-muxer-webm: aa71ff27fc2769a1b78a27578f13a17b -> 
  custom:container-demuxer-webm: 4f35f7cbe854078d1ac9338744f61a02 -> 
  custom:container-demuxer-ogg: 62fdf1f143b41e24485cea50d1cbac27 -> 
  custom:video-encoder-webm-vp8: eb34c28f22e8b96e1ab97ce403110664 -> 
  custom:video-decoder-webm-vp8: 9c59270c3fd7afecdb556c50c9e8de78 -> 
  custom:audio-decoder-ogg-vorbis: bf7c407c2cedff20999df2af8eb42d56 -> 
  custom:audio-encoder-webm-vorbis: bf7c407c2cedff20999df2af8eb42d56 -> 
========================================================================
Received Import Request.
  path: Assets/AddressableAssetsData/AssetGroups/Built In Data.asset
  artifactKey: Guid(7dc2b4b9a3c70db4fbdede529ca239ea) Importer(815301076,1909f56bfc062723c751e8b465ee728b)
Start importing Assets/AddressableAssetsData/AssetGroups/Built In Data.asset using Guid(7dc2b4b9a3c70db4fbdede529ca239ea) Importer(815301076,1909f56bfc062723c751e8b465ee728b)  -> (artifact id: 'a103929909cfec49aa07dc5ced8ee00b') in 0.103722 seconds 
  Import took 0.115067 seconds .

========================================================================
Received Import Request.
  Time since last request: 0.000351 seconds.
  path: Assets/AddressableAssetsData/AssetGroups/Default Local Group.asset
  artifactKey: Guid(5b634649339e4a041a75cb458974c552) Importer(815301076,1909f56bfc062723c751e8b465ee728b)
Start importing Assets/AddressableAssetsData/AssetGroups/Default Local Group.asset using Guid(5b634649339e4a041a75cb458974c552) Importer(815301076,1909f56bfc062723c751e8b465ee728b)  -> (artifact id: 'c7e619c35933a36feb756eadaf6e595d') in 0.043149 seconds 
  Import took 0.054240 seconds .

========================================================================
Received Import Request.
  Time since last request: 0.000332 seconds.
  path: Assets/AddressableAssetsData/AssetGroups/PreloadAssets.asset
  artifactKey: Guid(3100cedddbf4ea446ad33fb57ae7a00d) Importer(815301076,1909f56bfc062723c751e8b465ee728b)
Start importing Assets/AddressableAssetsData/AssetGroups/PreloadAssets.asset using Guid(3100cedddbf4ea446ad33fb57ae7a00d) Importer(815301076,1909f56bfc062723c751e8b465ee728b)  -> (artifact id: '065fb4d0d3c1ff1f54a0f454435790e3') in 0.032976 seconds 
  Import took 0.048436 seconds .

========================================================================
Received Import Request.
  Time since last request: 88.371425 seconds.
  path: Assets/AddressableAssetsData/AssetGroups/Packed Assets.asset
  artifactKey: Guid(880f5876ab399a548bf2b9a431a3e376) Importer(815301076,1909f56bfc062723c751e8b465ee728b)
Start importing Assets/AddressableAssetsData/AssetGroups/Packed Assets.asset using Guid(880f5876ab399a548bf2b9a431a3e376) Importer(815301076,1909f56bfc062723c751e8b465ee728b)  -> (artifact id: '8607cd4c784074f398150e9c92e5e289') in 0.015850 seconds 
  Import took 0.022630 seconds .

========================================================================
Received Import Request.
  Time since last request: 0.000289 seconds.
  path: Assets/AddressableAssetsData/AssetGroups/PreloadAssets.asset
  artifactKey: Guid(3100cedddbf4ea446ad33fb57ae7a00d) Importer(815301076,1909f56bfc062723c751e8b465ee728b)
Start importing Assets/AddressableAssetsData/AssetGroups/PreloadAssets.asset using Guid(3100cedddbf4ea446ad33fb57ae7a00d) Importer(815301076,1909f56bfc062723c751e8b465ee728b)  -> (artifact id: 'a66970e8f90f2942a0f9eb3bd2f47024') in 0.005088 seconds 
  Import took 0.011101 seconds .

========================================================================
Received Import Request.
  Time since last request: 4.435139 seconds.
  path: Assets/AddressableAssetsData/AssetGroups/prefabs.asset
  artifactKey: Guid(880f5876ab399a548bf2b9a431a3e376) Importer(815301076,1909f56bfc062723c751e8b465ee728b)
Start importing Assets/AddressableAssetsData/AssetGroups/prefabs.asset using Guid(880f5876ab399a548bf2b9a431a3e376) Importer(815301076,1909f56bfc062723c751e8b465ee728b)  -> (artifact id: '3af35da7605d95bd863402afede31323') in 0.018051 seconds 
  Import took 0.026499 seconds .

========================================================================
Received Import Request.
  Time since last request: 38.155984 seconds.
  path: Assets/AddressableAssetsData/AssetGroups/prefabs.asset
  artifactKey: Guid(880f5876ab399a548bf2b9a431a3e376) Importer(815301076,1909f56bfc062723c751e8b465ee728b)
Start importing Assets/AddressableAssetsData/AssetGroups/prefabs.asset using Guid(880f5876ab399a548bf2b9a431a3e376) Importer(815301076,1909f56bfc062723c751e8b465ee728b)  -> (artifact id: '011b22f8936440356ce65e27510ee70a') in 0.006332 seconds 
  Import took 0.011081 seconds .

========================================================================
Received Import Request.
  Time since last request: 14.258549 seconds.
  path: Assets/AddressableAssetsData/AddressableAssetSettings.asset
  artifactKey: Guid(60b4e2a723774304a80b56779131d559) Importer(815301076,1909f56bfc062723c751e8b465ee728b)
Start importing Assets/AddressableAssetsData/AddressableAssetSettings.asset using Guid(60b4e2a723774304a80b56779131d559) Importer(815301076,1909f56bfc062723c751e8b465ee728b)  -> (artifact id: '3732323d338013f3dd5130981642bd61') in 0.037878 seconds 
  Import took 0.045965 seconds .

========================================================================
Received Import Request.
  Time since last request: 0.000299 seconds.
  path: Assets/AddressableAssetsData/DefaultObject.asset
  artifactKey: Guid(b62019921a4a78d48900a99acef67038) Importer(815301076,1909f56bfc062723c751e8b465ee728b)
Start importing Assets/AddressableAssetsData/DefaultObject.asset using Guid(b62019921a4a78d48900a99acef67038) Importer(815301076,1909f56bfc062723c751e8b465ee728b)  -> (artifact id: 'dd817638838fa718317876345c1c3091') in 0.019925 seconds 
  Import took 0.028873 seconds .

========================================================================
Received Import Request.
  Time since last request: 8.100904 seconds.
  path: Assets/Prefabs
  artifactKey: Guid(1253b0d8146826a4eb64309b7635d4ac) Importer(815301076,1909f56bfc062723c751e8b465ee728b)
Start importing Assets/Prefabs using Guid(1253b0d8146826a4eb64309b7635d4ac) Importer(815301076,1909f56bfc062723c751e8b465ee728b)  -> (artifact id: 'e2f24695c501271d9788a3e198b990a9') in 0.011589 seconds 
  Import took 0.016736 seconds .

========================================================================
Received Import Request.
  Time since last request: 3.749875 seconds.
  path: Assets/Prefabs/Square.prefab
  artifactKey: Guid(a62f5e2bdf2947f4a8e37b827b0ee6e5) Importer(815301076,1909f56bfc062723c751e8b465ee728b)
Start importing Assets/Prefabs/Square.prefab using Guid(a62f5e2bdf2947f4a8e37b827b0ee6e5) Importer(815301076,1909f56bfc062723c751e8b465ee728b)  -> (artifact id: '68316255ff517f02d7ff784f452cd06b') in 0.135783 seconds 
  Import took 0.142037 seconds .

========================================================================
Received Import Request.
  Time since last request: 7.564587 seconds.
  path: Assets/Prefabs/Circle.prefab
  artifactKey: Guid(30f062e4ca492604f87466c23c2385ed) Importer(815301076,1909f56bfc062723c751e8b465ee728b)
Start importing Assets/Prefabs/Circle.prefab using Guid(30f062e4ca492604f87466c23c2385ed) Importer(815301076,1909f56bfc062723c751e8b465ee728b)  -> (artifact id: '3f3d89ddccc48d1c9cc6580b98e95f67') in 0.022642 seconds 
  Import took 0.028159 seconds .

========================================================================
Received Import Request.
  Time since last request: 1502.701735 seconds.
  path: Assets/AddressableAssetsData/AssetGroups/prefabs.asset
  artifactKey: Guid(880f5876ab399a548bf2b9a431a3e376) Importer(815301076,1909f56bfc062723c751e8b465ee728b)
Start importing Assets/AddressableAssetsData/AssetGroups/prefabs.asset using Guid(880f5876ab399a548bf2b9a431a3e376) Importer(815301076,1909f56bfc062723c751e8b465ee728b)  -> (artifact id: '1acf0a779328891f4c7349efd2368652') in 0.031195 seconds 
  Import took 0.039431 seconds .

========================================================================
Received Import Request.
  Time since last request: 4.521921 seconds.
  path: Assets/AddressableAssetsData/AssetGroups/prefabs.asset
  artifactKey: Guid(880f5876ab399a548bf2b9a431a3e376) Importer(815301076,1909f56bfc062723c751e8b465ee728b)
Start importing Assets/AddressableAssetsData/AssetGroups/prefabs.asset using Guid(880f5876ab399a548bf2b9a431a3e376) Importer(815301076,1909f56bfc062723c751e8b465ee728b)  -> (artifact id: 'de9bc92cae8cf9d676a36040023eb474') in 0.098775 seconds 
  Import took 0.148803 seconds .

========================================================================
Received Import Request.
  Time since last request: 2224.531928 seconds.
  path: Assets/AddressableAssetsData/DataBuilders/BuildScriptFastMode.asset
  artifactKey: Guid(52c7a1d5dfc53a142ade111b83d8806f) Importer(815301076,1909f56bfc062723c751e8b465ee728b)
Start importing Assets/AddressableAssetsData/DataBuilders/BuildScriptFastMode.asset using Guid(52c7a1d5dfc53a142ade111b83d8806f) Importer(815301076,1909f56bfc062723c751e8b465ee728b)  -> (artifact id: '5723dea56267c274123aaf792f6245c8') in 0.034015 seconds 
  Import took 0.059337 seconds .

========================================================================
Received Import Request.
  Time since last request: 0.002703 seconds.
  path: Assets/AddressableAssetsData/DataBuilders/BuildScriptPackedMode.asset
  artifactKey: Guid(9a18a6f8bb133d04fa506cf709270797) Importer(815301076,1909f56bfc062723c751e8b465ee728b)
Start importing Assets/AddressableAssetsData/DataBuilders/BuildScriptPackedMode.asset using Guid(9a18a6f8bb133d04fa506cf709270797) Importer(815301076,1909f56bfc062723c751e8b465ee728b)  -> (artifact id: '5df26e9a415514d4b8b243a5a13a81b1') in 0.020912 seconds 
  Import took 0.030905 seconds .

========================================================================
Received Import Request.
  Time since last request: 0.000374 seconds.
  path: Assets/AddressableAssetsData/DataBuilders/BuildScriptPackedPlayMode.asset
  artifactKey: Guid(cf95b750da3011e47b1d2aa198eac6d2) Importer(815301076,1909f56bfc062723c751e8b465ee728b)
Start importing Assets/AddressableAssetsData/DataBuilders/BuildScriptPackedPlayMode.asset using Guid(cf95b750da3011e47b1d2aa198eac6d2) Importer(815301076,1909f56bfc062723c751e8b465ee728b)  -> (artifact id: 'f740086f165142d146142389b2659314') in 0.018872 seconds 
  Import took 0.029699 seconds .

========================================================================
Received Import Request.
  Time since last request: 0.000483 seconds.
  path: Assets/AddressableAssetsData/DataBuilders/BuildScriptVirtualMode.asset
  artifactKey: Guid(7e9a2901911c0fb41ba485557bcd421d) Importer(815301076,1909f56bfc062723c751e8b465ee728b)
Start importing Assets/AddressableAssetsData/DataBuilders/BuildScriptVirtualMode.asset using Guid(7e9a2901911c0fb41ba485557bcd421d) Importer(815301076,1909f56bfc062723c751e8b465ee728b)  -> (artifact id: '3bce83a007e5709f2c6d93533a25fbb3') in 0.022352 seconds 
  Import took 0.034497 seconds .

========================================================================
Received Import Request.
  Time since last request: 4.004492 seconds.
  path: Assets/AddressableAssetsData/AssetGroupTemplates/Packed Assets.asset
  artifactKey: Guid(17ee1a19901abb0428357f4e21df2e1e) Importer(815301076,1909f56bfc062723c751e8b465ee728b)
Start importing Assets/AddressableAssetsData/AssetGroupTemplates/Packed Assets.asset using Guid(17ee1a19901abb0428357f4e21df2e1e) Importer(815301076,1909f56bfc062723c751e8b465ee728b)  -> (artifact id: 'dcd8306477ccda0b8a00118378f34d2e') in 0.083517 seconds 
  Import took 0.203227 seconds .

========================================================================
Received Import Request.
  Time since last request: 13.805366 seconds.
  path: Assets/Samples/Addressables.CN/1.19.16/Custom Build and Playmode Scripts
  artifactKey: Guid(7771db18dcf5a9745becc12e56d0c7ce) Importer(815301076,1909f56bfc062723c751e8b465ee728b)
Start importing Assets/Samples/Addressables.CN/1.19.16/Custom Build and Playmode Scripts using Guid(7771db18dcf5a9745becc12e56d0c7ce) Importer(815301076,1909f56bfc062723c751e8b465ee728b)  -> (artifact id: '4517dd2ba412d89e29f2edd725ca9bc4') in 0.013993 seconds 
  Import took 0.024920 seconds .

========================================================================
Received Import Request.
  Time since last request: 1.167705 seconds.
  path: Assets/Samples/Addressables.CN/1.19.16/Disable AssetImport on Build
  artifactKey: Guid(613c2a6082d683b41872ab16d5064d83) Importer(815301076,1909f56bfc062723c751e8b465ee728b)
Start importing Assets/Samples/Addressables.CN/1.19.16/Disable AssetImport on Build using Guid(613c2a6082d683b41872ab16d5064d83) Importer(815301076,1909f56bfc062723c751e8b465ee728b)  -> (artifact id: '9ecc0a973718ef85772afab4172e7a3f') in 0.017580 seconds 
  Import took 0.096464 seconds .

========================================================================
Received Prepare
Registering precompiled user dll's ...
Registered in 0.063989 seconds.
Begin MonoManager ReloadAssembly
Native extension for WindowsStandalone target not found
Refreshing native plugins compatible for Editor in 2.06 ms, found 3 plugins.
Preloading 0 native plugins for Editor in 0.00 ms.
Mono: successfully reloaded assembly
- Completed reload, in 14.022 seconds
Domain Reload Profiling:
	ReloadAssembly (14024ms)
		BeginReloadAssembly (525ms)
			ExecutionOrderSort (0ms)
			DisableScriptedObjects (57ms)
			BackupInstance (0ms)
			ReleaseScriptingObjects (0ms)
			CreateAndSetChildDomain (219ms)
		EndReloadAssembly (13354ms)
			LoadAssemblies (224ms)
			RebuildTransferFunctionScriptingTraits (0ms)
			SetupTypeCache (806ms)
			ReleaseScriptCaches (2ms)
			RebuildScriptCaches (167ms)
			SetupLoadedEditorAssemblies (11610ms)
				LogAssemblyErrors (0ms)
				InitializePlatformSupportModulesInManaged (28ms)
				SetLoadedEditorAssemblies (3ms)
				RefreshPlugins (4ms)
				BeforeProcessingInitializeOnLoad (10484ms)
				ProcessInitializeOnLoadAttributes (871ms)
				ProcessInitializeOnLoadMethodAttributes (195ms)
				AfterProcessingInitializeOnLoad (25ms)
				EditorAssembliesLoaded (1ms)
			ExecutionOrderSort2 (0ms)
			AwakeInstancesAfterBackupRestoration (65ms)
Platform modules already initialized, skipping
Script is not up to date after domain reload: guid(94d2183767d45b94e8fc22db85592b2b) path("Assets/Samples/Addressables.CN/1.19.16/Import Groups Tool/Editor/ImportExistingGroup.cs") state(2)
Script is not up to date after domain reload: guid(d2e10a4bfa7e55d49b41ee109b1076a7) path("Assets/Samples/Addressables.CN/1.19.16/Prefab Spawner/PrefabSpawnerSample.cs") state(2)
Refreshing native plugins compatible for Editor in 0.94 ms, found 3 plugins.
Preloading 0 native plugins for Editor in 0.00 ms.
Unloading 2640 Unused Serialized files (Serialized files now loaded: 0)
System memory in use before: 113.3 MB.
System memory in use after: 113.6 MB.

Unloading 18 unused Assets to reduce memory usage. Loaded Objects now: 3112.
Total: 9.316000 ms (FindLiveObjects: 0.383500 ms CreateObjectMapping: 0.199100 ms MarkObjects: 8.670900 ms  DeleteObjects: 0.059300 ms)

AssetImportParameters requested are different than current active one (requested -> active):
  custom:framework-win-MediaFoundation: 216162199b28c13a410421893ffa2e32 -> 
  custom:video-decoder-ogg-theora: a1e56fd34408186e4bbccfd4996cb3dc -> 
  custom:container-muxer-webm: aa71ff27fc2769a1b78a27578f13a17b -> 
  custom:container-demuxer-webm: 4f35f7cbe854078d1ac9338744f61a02 -> 
  custom:container-demuxer-ogg: 62fdf1f143b41e24485cea50d1cbac27 -> 
  custom:video-encoder-webm-vp8: eb34c28f22e8b96e1ab97ce403110664 -> 
  custom:video-decoder-webm-vp8: 9c59270c3fd7afecdb556c50c9e8de78 -> 
  custom:audio-decoder-ogg-vorbis: bf7c407c2cedff20999df2af8eb42d56 -> 
  custom:audio-encoder-webm-vorbis: bf7c407c2cedff20999df2af8eb42d56 -> 
========================================================================
Received Import Request.
  Time since last request: 24.032691 seconds.
  path: Assets/Samples/Addressables.CN/1.19.16/Addressables Utility
  artifactKey: Guid(1e656016ca4b43a4899bf663b7056677) Importer(815301076,1909f56bfc062723c751e8b465ee728b)
Start importing Assets/Samples/Addressables.CN/1.19.16/Addressables Utility using Guid(1e656016ca4b43a4899bf663b7056677) Importer(815301076,1909f56bfc062723c751e8b465ee728b)  -> (artifact id: '5391d60e7b86edbd5456d5b79ab2a655') in 0.035777 seconds 
  Import took 0.047817 seconds .

========================================================================
Received Import Request.
  Time since last request: 0.000414 seconds.
  path: Assets/Samples/Addressables.CN/1.19.16/Prefab Spawner
  artifactKey: Guid(cb59ef8e4f048da41bfda6994b58cc00) Importer(815301076,1909f56bfc062723c751e8b465ee728b)
Start importing Assets/Samples/Addressables.CN/1.19.16/Prefab Spawner using Guid(cb59ef8e4f048da41bfda6994b58cc00) Importer(815301076,1909f56bfc062723c751e8b465ee728b)  -> (artifact id: '15cc6124b188e731aef875ecba27b2fc') in 0.022711 seconds 
  Import took 0.033313 seconds .

========================================================================
Received Import Request.
  Time since last request: 22.978696 seconds.
  path: Assets/Samples/Addressables.CN/1.19.16/Addressables Utility/AddressablesUtility.cs
  artifactKey: Guid(7d2d37c2cf13be949b2fa25b2df83880) Importer(815301076,1909f56bfc062723c751e8b465ee728b)
Start importing Assets/Samples/Addressables.CN/1.19.16/Addressables Utility/AddressablesUtility.cs using Guid(7d2d37c2cf13be949b2fa25b2df83880) Importer(815301076,1909f56bfc062723c751e8b465ee728b)  -> (artifact id: 'a30f38f51d9a9eedd2ccc83a614ee9d2') in 0.056845 seconds 
  Import took 0.065857 seconds .

========================================================================
Received Prepare
Registering precompiled user dll's ...
Registered in 0.024265 seconds.
Begin MonoManager ReloadAssembly
Native extension for WindowsStandalone target not found
Refreshing native plugins compatible for Editor in 1.29 ms, found 3 plugins.
Preloading 0 native plugins for Editor in 0.00 ms.
Mono: successfully reloaded assembly
- Completed reload, in  6.464 seconds
Domain Reload Profiling:
	ReloadAssembly (6465ms)
		BeginReloadAssembly (326ms)
			ExecutionOrderSort (0ms)
			DisableScriptedObjects (21ms)
			BackupInstance (0ms)
			ReleaseScriptingObjects (0ms)
			CreateAndSetChildDomain (114ms)
		EndReloadAssembly (5950ms)
			LoadAssemblies (268ms)
			RebuildTransferFunctionScriptingTraits (0ms)
			SetupTypeCache (1133ms)
			ReleaseScriptCaches (3ms)
			RebuildScriptCaches (179ms)
			SetupLoadedEditorAssemblies (2130ms)
				LogAssemblyErrors (0ms)
				InitializePlatformSupportModulesInManaged (19ms)
				SetLoadedEditorAssemblies (1ms)
				RefreshPlugins (2ms)
				BeforeProcessingInitializeOnLoad (509ms)
				ProcessInitializeOnLoadAttributes (1306ms)
				ProcessInitializeOnLoadMethodAttributes (245ms)
				AfterProcessingInitializeOnLoad (46ms)
				EditorAssembliesLoaded (1ms)
			ExecutionOrderSort2 (0ms)
			AwakeInstancesAfterBackupRestoration (975ms)
Platform modules already initialized, skipping
Refreshing native plugins compatible for Editor in 1.19 ms, found 3 plugins.
Preloading 0 native plugins for Editor in 0.00 ms.
Unloading 2629 Unused Serialized files (Serialized files now loaded: 0)
System memory in use before: 113.2 MB.
System memory in use after: 113.4 MB.

Unloading 17 unused Assets to reduce memory usage. Loaded Objects now: 3116.
Total: 9.210300 ms (FindLiveObjects: 0.649700 ms CreateObjectMapping: 0.360000 ms MarkObjects: 8.129600 ms  DeleteObjects: 0.068000 ms)

AssetImportParameters requested are different than current active one (requested -> active):
  custom:framework-win-MediaFoundation: 216162199b28c13a410421893ffa2e32 -> 
  custom:video-decoder-ogg-theora: a1e56fd34408186e4bbccfd4996cb3dc -> 
  custom:container-muxer-webm: aa71ff27fc2769a1b78a27578f13a17b -> 
  custom:container-demuxer-webm: 4f35f7cbe854078d1ac9338744f61a02 -> 
  custom:container-demuxer-ogg: 62fdf1f143b41e24485cea50d1cbac27 -> 
  custom:video-encoder-webm-vp8: eb34c28f22e8b96e1ab97ce403110664 -> 
  custom:video-decoder-webm-vp8: 9c59270c3fd7afecdb556c50c9e8de78 -> 
  custom:audio-decoder-ogg-vorbis: bf7c407c2cedff20999df2af8eb42d56 -> 
  custom:audio-encoder-webm-vorbis: bf7c407c2cedff20999df2af8eb42d56 -> 
========================================================================
Received Import Request.
  Time since last request: 39.614353 seconds.
  path: Assets/Samples/Addressables.CN/1.19.16/Custom Build and Playmode Scripts/Editor
  artifactKey: Guid(bf14725523681894dbac667caaa0316b) Importer(815301076,1909f56bfc062723c751e8b465ee728b)
Start importing Assets/Samples/Addressables.CN/1.19.16/Custom Build and Playmode Scripts/Editor using Guid(bf14725523681894dbac667caaa0316b) Importer(815301076,1909f56bfc062723c751e8b465ee728b)  -> (artifact id: 'e6dfc8faeacb227cac26b2c743a2c2b3') in 0.030880 seconds 
  Import took 0.043238 seconds .

========================================================================
Received Import Request.
  Time since last request: 0.000425 seconds.
  path: Assets/Samples/Addressables.CN/1.19.16/Custom Build and Playmode Scripts/LoadSceneForCustomBuild.cs
  artifactKey: Guid(69be213651d80fa4e91e08f167430e1a) Importer(815301076,1909f56bfc062723c751e8b465ee728b)
Start importing Assets/Samples/Addressables.CN/1.19.16/Custom Build and Playmode Scripts/LoadSceneForCustomBuild.cs using Guid(69be213651d80fa4e91e08f167430e1a) Importer(815301076,1909f56bfc062723c751e8b465ee728b)  -> (artifact id: '5834bac1db70f57922278748faf1957b') in 0.063745 seconds 
  Import took 0.077675 seconds .

========================================================================
Received Import Request.
  Time since last request: 0.001473 seconds.
  path: Assets/Samples/Addressables.CN/1.19.16/Custom Build and Playmode Scripts/README.txt
  artifactKey: Guid(b092ee038e51419478aad6a1e0bb611c) Importer(815301076,1909f56bfc062723c751e8b465ee728b)
Start importing Assets/Samples/Addressables.CN/1.19.16/Custom Build and Playmode Scripts/README.txt using Guid(b092ee038e51419478aad6a1e0bb611c) Importer(815301076,1909f56bfc062723c751e8b465ee728b)  -> (artifact id: '5626f3dc5b12e7e1b53ba99a5c564140') in 0.086578 seconds 
  Import took 0.123719 seconds .

========================================================================
Received Import Request.
  Time since last request: 0.113194 seconds.
  path: Assets/Samples/Addressables.CN/1.19.16/Custom Build and Playmode Scripts/Editor/CustomBuildScript.cs
  artifactKey: Guid(f66315e0705fa82438547ab07bbe65e8) Importer(815301076,1909f56bfc062723c751e8b465ee728b)
Start importing Assets/Samples/Addressables.CN/1.19.16/Custom Build and Playmode Scripts/Editor/CustomBuildScript.cs using Guid(f66315e0705fa82438547ab07bbe65e8) Importer(815301076,1909f56bfc062723c751e8b465ee728b)  -> (artifact id: 'e12c9f83645af895c2afb50ea700ce2f') in 0.022472 seconds 
  Import took 0.033817 seconds .

========================================================================
Received Import Request.
  Time since last request: 5.033255 seconds.
  path: Assets/Samples/Addressables.CN/1.19.16/Custom Build and Playmode Scripts/Editor/CustomPlayModeScript.cs
  artifactKey: Guid(5796c4ece8a8f054dbd288aa4e18acff) Importer(815301076,1909f56bfc062723c751e8b465ee728b)
Start importing Assets/Samples/Addressables.CN/1.19.16/Custom Build and Playmode Scripts/Editor/CustomPlayModeScript.cs using Guid(5796c4ece8a8f054dbd288aa4e18acff) Importer(815301076,1909f56bfc062723c751e8b465ee728b)  -> (artifact id: '122b3c0060e0ebfdc7a069ce4520ef1f') in 0.417969 seconds 
  Import took 0.448117 seconds .

========================================================================
Received Import Request.
  Time since last request: 3.254326 seconds.
  path: Assets/Samples/Addressables.CN/1.19.16/Disable AssetImport on Build/Editor
  artifactKey: Guid(b6f38bdfddda93c4e94a543875738d14) Importer(815301076,1909f56bfc062723c751e8b465ee728b)
Start importing Assets/Samples/Addressables.CN/1.19.16/Disable AssetImport on Build/Editor using Guid(b6f38bdfddda93c4e94a543875738d14) Importer(815301076,1909f56bfc062723c751e8b465ee728b)  -> (artifact id: '99c79a171114c500a20e0397fdd0656e') in 0.011141 seconds 
  Import took 0.019649 seconds .

========================================================================
Received Import Request.
  Time since last request: 2.021394 seconds.
  path: Assets/Samples/Addressables.CN/1.19.16/Disable AssetImport on Build/Editor/DisableAssetImportOnBuild.cs
  artifactKey: Guid(972c027f27cd52247a88f65fef7ad8ed) Importer(815301076,1909f56bfc062723c751e8b465ee728b)
Start importing Assets/Samples/Addressables.CN/1.19.16/Disable AssetImport on Build/Editor/DisableAssetImportOnBuild.cs using Guid(972c027f27cd52247a88f65fef7ad8ed) Importer(815301076,1909f56bfc062723c751e8b465ee728b)  -> (artifact id: 'ec9e22669c56fd75bf64a03ced318e46') in 0.022221 seconds 
  Import took 0.030135 seconds .

========================================================================
Received Import Request.
  Time since last request: 5.921861 seconds.
  path: Assets/Samples/Addressables.CN/1.19.16/Import Groups Tool/Editor/ImportExistingGroup.cs
  artifactKey: Guid(94d2183767d45b94e8fc22db85592b2b) Importer(815301076,1909f56bfc062723c751e8b465ee728b)
Start importing Assets/Samples/Addressables.CN/1.19.16/Import Groups Tool/Editor/ImportExistingGroup.cs using Guid(94d2183767d45b94e8fc22db85592b2b) Importer(815301076,1909f56bfc062723c751e8b465ee728b)  -> (artifact id: '01fe3fe4855950002411345be1b905c2') in 0.012643 seconds 
  Import took 0.019528 seconds .

========================================================================
Received Import Request.
  Time since last request: 20.788695 seconds.
  path: Assets/Samples/Addressables.CN/1.19.16/Prefab Spawner/PrefabSpawnerSample.cs
  artifactKey: Guid(d2e10a4bfa7e55d49b41ee109b1076a7) Importer(815301076,1909f56bfc062723c751e8b465ee728b)
Start importing Assets/Samples/Addressables.CN/1.19.16/Prefab Spawner/PrefabSpawnerSample.cs using Guid(d2e10a4bfa7e55d49b41ee109b1076a7) Importer(815301076,1909f56bfc062723c751e8b465ee728b)  -> (artifact id: '253f93bf34dc18ee19906c28b9fe3539') in 0.020570 seconds 
  Import took 0.027106 seconds .

